<?xml version="1.0" encoding="UTF-8"?>
<!-- Generated by org.testng.reporters.JUnitReportReporter -->
<testsuite hostname="slc05wcd" name="com.qa132.cloudui.C9_CloudUI_05_MyAccount_Test" tests="1" failures="0" timestamp="13 Jul 2016 20:41:21 GMT" time="103.859" errors="0">
  <testcase name="test" time="103.859" classname="com.qa132.cloudui.C9_CloudUI_05_MyAccount_Test"/>
</testsuite> <!-- com.qa132.cloudui.C9_CloudUI_05_MyAccount_Test -->
