<?xml version="1.0" encoding="UTF-8"?>
<!-- Generated by org.testng.reporters.JUnitReportReporter -->
<testsuite hostname="slc05gyj" name="com.qa141.occs.mys.C9_GlobalMyService_Verify_Logout_Test" tests="1" failures="0" timestamp="16 Feb 2015 07:49:34 GMT" time="45.414" errors="0">
  <testcase name="test" time="45.414" classname="com.qa141.occs.mys.C9_GlobalMyService_Verify_Logout_Test"/>
</testsuite> <!-- com.qa141.occs.mys.C9_GlobalMyService_Verify_Logout_Test -->
