<?xml version="1.0" encoding="UTF-8"?>
<!-- Generated by org.testng.reporters.JUnitReportReporter -->
<testsuite hostname="mthiruna-lap" name="com.safc.qa132.C9QA132_CloudUI_MyAccount_Test" tests="1" failures="0" timestamp="7 Jan 2014 09:07:48 GMT" time="114.887" errors="0">
  <testcase name="test" time="114.887" classname="com.safc.qa132.C9QA132_CloudUI_MyAccount_Test"/>
</testsuite> <!-- com.safc.qa132.C9QA132_CloudUI_MyAccount_Test -->
