<?xml version="1.0" encoding="UTF-8"?>
<!-- Generated by org.testng.reporters.JUnitReportReporter -->
<testsuite hostname="slc05gyj" name="com.qa141.occs.dbservice.C9_OCDBS_01_InstanceCreation" tests="1" failures="0" timestamp="16 Feb 2015 07:49:34 GMT" time="313.492" errors="0">
  <testcase name="test" time="313.492" classname="com.qa141.occs.dbservice.C9_OCDBS_01_InstanceCreation"/>
</testsuite> <!-- com.qa141.occs.dbservice.C9_OCDBS_01_InstanceCreation -->
