<?xml version="1.0" encoding="UTF-8"?>
<!-- Generated by org.testng.reporters.JUnitReportReporter -->
<testsuite hostname="slc05gyj" name="com.qa151.pb.C9_PB_50_19565551_In_DB_UI_ComputeConsoleNotClickable_In_IE9" tests="1" failures="0" timestamp="25 Feb 2015 07:10:02 GMT" time="78.395" errors="0">
  <testcase name="test" time="78.395" classname="com.qa151.pb.C9_PB_50_19565551_In_DB_UI_ComputeConsoleNotClickable_In_IE9"/>
</testsuite> <!-- com.qa151.pb.C9_PB_50_19565551_In_DB_UI_ComputeConsoleNotClickable_In_IE9 -->
