<?xml version="1.0" encoding="UTF-8"?>
<!-- Generated by org.testng.reporters.JUnitReportReporter -->
<testsuite hostname="slc05gyj" name="com.hudson.dashboard.JDBCScript_Pushdata" tests="1" failures="0" timestamp="29 May 2015 06:14:44 GMT" time="0.321" errors="0">
  <testcase name="test" time="0.321" classname="com.hudson.dashboard.JDBCScript_Pushdata"/>
</testsuite> <!-- com.hudson.dashboard.JDBCScript_Pushdata -->
