<?xml version="1.0" encoding="UTF-8"?>
<!-- Generated by org.testng.reporters.JUnitReportReporter -->
<testsuite hostname="mthiruna-lap" name="com.qa132.myaccount.C9_MYA_04_FieldLevelCheck_Test" tests="1" failures="0" timestamp="15 Jan 2014 06:21:01 GMT" time="153.757" errors="0">
  <testcase name="test" time="153.757" classname="com.qa132.myaccount.C9_MYA_04_FieldLevelCheck_Test"/>
</testsuite> <!-- com.qa132.myaccount.C9_MYA_04_FieldLevelCheck_Test -->
