<?xml version="1.0" encoding="UTF-8"?>
<!-- Generated by org.testng.reporters.JUnitReportReporter -->
<testsuite hostname="slc05gyj" name="com.qa141.occs.computetabs.C9_OCCS_Network_11_PublicIps" tests="1" failures="0" timestamp="16 Feb 2015 07:01:25 GMT" time="131.132" errors="0">
  <testcase name="test" time="131.132" classname="com.qa141.occs.computetabs.C9_OCCS_Network_11_PublicIps"/>
</testsuite> <!-- com.qa141.occs.computetabs.C9_OCCS_Network_11_PublicIps -->
