<?xml version="1.0" encoding="UTF-8"?>
<!-- Generated by org.testng.reporters.JUnitReportReporter -->
<testsuite hostname="slc02qkd" name="com.safc.extra.NewTest" tests="1" failures="0" timestamp="8 Oct 2014 06:33:29 GMT" time="177.277" errors="0">
  <testcase name="test" time="177.277" classname="com.safc.extra.NewTest"/>
</testsuite> <!-- com.safc.extra.NewTest -->
