<?xml version="1.0" encoding="UTF-8"?>
<!-- Generated by org.testng.reporters.JUnitReportReporter -->
<testsuite hostname="slc05gyj" name="com.hudson.dashboard.JDBCScript_PushdataOnSlc06cdqDashBoard" tests="1" failures="0" timestamp="28 May 2015 08:47:40 GMT" time="1.100" errors="0">
  <testcase name="test" time="1.100" classname="com.hudson.dashboard.JDBCScript_PushdataOnSlc06cdqDashBoard"/>
</testsuite> <!-- com.hudson.dashboard.JDBCScript_PushdataOnSlc06cdqDashBoard -->
