<?xml version="1.0" encoding="UTF-8"?>
<!-- Generated by org.testng.reporters.JUnitReportReporter -->
<testsuite hostname="slc05gyj" name="com.qa151.pb.C9_PB_08_19434187_DBAAS_InstanceCreationHighMemoryShapes" tests="1" failures="0" timestamp="25 Feb 2015 07:10:02 GMT" time="268.931" errors="0">
  <testcase name="test" time="268.931" classname="com.qa151.pb.C9_PB_08_19434187_DBAAS_InstanceCreationHighMemoryShapes"/>
</testsuite> <!-- com.qa151.pb.C9_PB_08_19434187_DBAAS_InstanceCreationHighMemoryShapes -->
