<?xml version="1.0" encoding="UTF-8"?>
<!-- Generated by org.testng.reporters.JUnitReportReporter -->
<testsuite hostname="slc05gyj" name="com.qa141.occs.computetabs.C9_OCCS_Network_01_IpList" tests="1" failures="0" timestamp="16 Feb 2015 06:58:34 GMT" time="135.421" errors="0">
  <testcase name="test" time="135.421" classname="com.qa141.occs.computetabs.C9_OCCS_Network_01_IpList"/>
</testsuite> <!-- com.qa141.occs.computetabs.C9_OCCS_Network_01_IpList -->
