<?xml version="1.0" encoding="UTF-8"?>
<!-- Generated by org.testng.reporters.JUnitReportReporter -->
<testsuite hostname="slc05gyj" name="com.hudson.dashboard.JDBCScript_PushdataOnSlc08usqDashBoard" tests="1" failures="0" timestamp="27 May 2015 07:38:17 GMT" time="0.011" errors="0">
  <testcase name="test" time="0.011" classname="com.hudson.dashboard.JDBCScript_PushdataOnSlc08usqDashBoard"/>
</testsuite> <!-- com.hudson.dashboard.JDBCScript_PushdataOnSlc08usqDashBoard -->
