<?xml version="1.0" encoding="UTF-8"?>
<!-- Generated by org.testng.reporters.JUnitReportReporter -->
<testsuite hostname="slc05wcd" name="com.qa141.securities.C9_Security_25_SecurityContacts_Test" tests="1" failures="0" timestamp="20 Jul 2016 07:23:41 GMT" time="301.670" errors="0">
  <testcase name="test" time="301.670" classname="com.qa141.securities.C9_Security_25_SecurityContacts_Test"/>
</testsuite> <!-- com.qa141.securities.C9_Security_25_SecurityContacts_Test -->
