<?xml version="1.0" encoding="UTF-8"?>
<!-- Generated by org.testng.reporters.JUnitReportReporter -->
<testsuite hostname="slc05gyj" name="com.qa141.occs.computetabs.C9_OCCS_Network_03_IpListSearch" tests="1" failures="0" timestamp="16 Feb 2015 06:36:03 GMT" time="197.225" errors="0">
  <testcase name="test" time="197.225" classname="com.qa141.occs.computetabs.C9_OCCS_Network_03_IpListSearch"/>
</testsuite> <!-- com.qa141.occs.computetabs.C9_OCCS_Network_03_IpListSearch -->
