<?xml version="1.0" encoding="UTF-8"?>
<!-- Generated by org.testng.reporters.JUnitReportReporter -->
<testsuite hostname="slc05wcd" name="com.qa141.cloudui.C9_LandingPage_17_More_Resources_Test" tests="1" failures="0" timestamp="13 Jul 2016 20:41:21 GMT" time="48.578" errors="0">
  <testcase name="test" time="48.578" classname="com.qa141.cloudui.C9_LandingPage_17_More_Resources_Test"/>
</testsuite> <!-- com.qa141.cloudui.C9_LandingPage_17_More_Resources_Test -->
