<?xml version="1.0" encoding="UTF-8"?>
<!-- Generated by org.testng.reporters.JUnitReportReporter -->
<testsuite hostname="mthiruna-lap" name="com.qa132.myservices.C9_MYS_10_VerifyUser_Andriod_Test" tests="1" failures="0" timestamp="7 Feb 2014 08:30:01 GMT" time="84.347" errors="0">
  <testcase name="test" time="84.347" classname="com.qa132.myservices.C9_MYS_10_VerifyUser_Andriod_Test"/>
</testsuite> <!-- com.qa132.myservices.C9_MYS_10_VerifyUser_Andriod_Test -->
