<?xml version="1.0" encoding="UTF-8"?>
<!-- Generated by org.testng.reporters.JUnitReportReporter -->
<testsuite hostname="slc02qkd" name="com.qa132.services.C9_CloudUI_Create_Trial_DBService_Test" tests="1" failures="0" timestamp="11 Sep 2014 12:25:26 GMT" time="101.497" errors="0">
  <testcase name="test" time="101.497" classname="com.qa132.services.C9_CloudUI_Create_Trial_DBService_Test"/>
</testsuite> <!-- com.qa132.services.C9_CloudUI_Create_Trial_DBService_Test -->
