<?xml version="1.0" encoding="UTF-8"?>
<!-- Generated by org.testng.reporters.JUnitReportReporter -->
<testsuite hostname="slc05gyj" name="com.qa141.cloudui.C9_LandingPage_14_Platform_Test" tests="1" failures="0" timestamp="21 Sep 2015 10:10:25 GMT" time="160.693" errors="0">
  <testcase name="test" time="160.693" classname="com.qa141.cloudui.C9_LandingPage_14_Platform_Test"/>
</testsuite> <!-- com.qa141.cloudui.C9_LandingPage_14_Platform_Test -->
