<?xml version="1.0" encoding="UTF-8"?>
<!-- Generated by org.testng.reporters.JUnitReportReporter -->
<testsuite name="com.qa141.db.C9_DB_10_Administration_EditDescription_Test" tests="1" time="193.791" ignored="24" failures="0" timestamp="15 Mar 2017 08:58:28 GMT" skipped="0" hostname="slc05wcd" errors="0">
  <testcase name="test" time="193.791" classname="com.qa141.db.C9_DB_10_Administration_EditDescription_Test"/>
  <testcase name="setup" classname="com.safc.configuration.BaseTest">
    <skipped/>
  </testcase> <!-- setup -->
  <testcase name="setup" classname="com.safc.configuration.BaseTest">
    <skipped/>
  </testcase> <!-- setup -->
  <testcase name="setup" classname="com.safc.configuration.BaseTest">
    <skipped/>
  </testcase> <!-- setup -->
  <testcase name="setup" classname="com.safc.configuration.BaseTest">
    <skipped/>
  </testcase> <!-- setup -->
  <testcase name="setup" classname="com.safc.configuration.BaseTest">
    <skipped/>
  </testcase> <!-- setup -->
  <testcase name="setup" classname="com.safc.configuration.BaseTest">
    <skipped/>
  </testcase> <!-- setup -->
  <testcase name="setup" classname="com.safc.configuration.BaseTest">
    <skipped/>
  </testcase> <!-- setup -->
  <testcase name="setup" classname="com.safc.configuration.BaseTest">
    <skipped/>
  </testcase> <!-- setup -->
  <testcase name="setup" classname="com.safc.configuration.BaseTest">
    <skipped/>
  </testcase> <!-- setup -->
  <testcase name="setup" classname="com.safc.configuration.BaseTest">
    <skipped/>
  </testcase> <!-- setup -->
  <testcase name="setup" classname="com.safc.configuration.BaseTest">
    <skipped/>
  </testcase> <!-- setup -->
  <testcase name="setup" classname="com.safc.configuration.BaseTest">
    <skipped/>
  </testcase> <!-- setup -->
  <testcase name="tearDown" classname="com.safc.configuration.BaseTest">
    <skipped/>
  </testcase> <!-- tearDown -->
  <testcase name="tearDown" classname="com.safc.configuration.BaseTest">
    <skipped/>
  </testcase> <!-- tearDown -->
  <testcase name="tearDown" classname="com.safc.configuration.BaseTest">
    <skipped/>
  </testcase> <!-- tearDown -->
  <testcase name="tearDown" classname="com.safc.configuration.BaseTest">
    <skipped/>
  </testcase> <!-- tearDown -->
  <testcase name="tearDown" classname="com.safc.configuration.BaseTest">
    <skipped/>
  </testcase> <!-- tearDown -->
  <testcase name="tearDown" classname="com.safc.configuration.BaseTest">
    <skipped/>
  </testcase> <!-- tearDown -->
  <testcase name="tearDown" classname="com.safc.configuration.BaseTest">
    <skipped/>
  </testcase> <!-- tearDown -->
  <testcase name="tearDown" classname="com.safc.configuration.BaseTest">
    <skipped/>
  </testcase> <!-- tearDown -->
  <testcase name="tearDown" classname="com.safc.configuration.BaseTest">
    <skipped/>
  </testcase> <!-- tearDown -->
  <testcase name="tearDown" classname="com.safc.configuration.BaseTest">
    <skipped/>
  </testcase> <!-- tearDown -->
  <testcase name="tearDown" classname="com.safc.configuration.BaseTest">
    <skipped/>
  </testcase> <!-- tearDown -->
  <testcase name="tearDown" classname="com.safc.configuration.BaseTest">
    <skipped/>
  </testcase> <!-- tearDown -->
</testsuite> <!-- com.qa141.db.C9_DB_10_Administration_EditDescription_Test -->
