<?xml version="1.0" encoding="UTF-8"?>
<!-- Generated by org.testng.reporters.JUnitReportReporter -->
<testsuite hostname="slc05gyj" name="com.qa151.pb.C9_PB_49_19577589_TextInConsoleMenuNotConsistentAccross_DB_Java_Compute_UI" tests="1" failures="0" timestamp="25 Feb 2015 07:10:02 GMT" time="170.371" errors="0">
  <testcase name="test" time="170.371" classname="com.qa151.pb.C9_PB_49_19577589_TextInConsoleMenuNotConsistentAccross_DB_Java_Compute_UI"/>
</testsuite> <!-- com.qa151.pb.C9_PB_49_19577589_TextInConsoleMenuNotConsistentAccross_DB_Java_Compute_UI -->
