<?xml version="1.0" encoding="UTF-8"?>
<!-- Generated by org.testng.reporters.JUnitReportReporter -->
<testsuite hostname="mthiruna-lap" name="com.qa132.HomeCloudUI.C9_CloudUI_01_HomePage_Test" tests="1" failures="0" timestamp="25 Mar 2014 05:11:48 GMT" time="46.083" errors="0">
  <testcase name="test" time="46.083" classname="com.qa132.HomeCloudUI.C9_CloudUI_01_HomePage_Test"/>
</testsuite> <!-- com.qa132.HomeCloudUI.C9_CloudUI_01_HomePage_Test -->
