<?xml version="1.0" encoding="UTF-8"?>
<!-- Generated by org.testng.reporters.JUnitReportReporter -->
<testsuite hostname="mthiruna-lap" name="com.qa132.myaccount.C9_MYA_09_FunctionalityCheck_Test" tests="1" failures="0" timestamp="30 Apr 2014 07:21:51 GMT" time="136.904" errors="0">
  <testcase name="test" time="136.904" classname="com.qa132.myaccount.C9_MYA_09_FunctionalityCheck_Test"/>
</testsuite> <!-- com.qa132.myaccount.C9_MYA_09_FunctionalityCheck_Test -->
