<?xml version="1.0" encoding="UTF-8"?>
<!-- Generated by org.testng.reporters.JUnitReportReporter -->
<testsuite hostname="mthiruna-lap" name="com.qa132.myservices.sd" tests="1" failures="0" timestamp="5 Mar 2014 10:16:23 GMT" time="115.431" errors="0">
  <testcase name="test" time="115.431" classname="com.qa132.myservices.sd"/>
</testsuite> <!-- com.qa132.myservices.sd -->
