<?xml version="1.0" encoding="UTF-8"?>
<!-- Generated by org.testng.reporters.JUnitReportReporter -->
<testsuite hostname="slc05gyj" name="com.qa141.occs.compute.C9_OCCS_24_NetworkTab_Protocols_SearchBox" tests="1" failures="0" timestamp="15 Feb 2015 20:49:38 GMT" time="382.412" errors="0">
  <testcase name="test" time="382.412" classname="com.qa141.occs.compute.C9_OCCS_24_NetworkTab_Protocols_SearchBox"/>
</testsuite> <!-- com.qa141.occs.compute.C9_OCCS_24_NetworkTab_Protocols_SearchBox -->
