<?xml version="1.0" encoding="UTF-8"?>
<!-- Generated by org.testng.reporters.JUnitReportReporter -->
<testsuite hostname="LAPTOP-7O5028J4" failures="0" tests="1" name="com.opc.common.NewTest" time="0.018" errors="0" timestamp="29 Jun 2019 20:05:30 GMT" skipped="0">
  <testcase classname="com.opc.common.NewTest" name="f" time="0.018"/>
</testsuite> <!-- com.opc.common.NewTest -->
