<?xml version="1.0" encoding="UTF-8"?>
<!-- Generated by org.testng.reporters.JUnitReportReporter -->
<testsuite hostname="slc05gyj" name="com.safc.extra.Example" tests="1" failures="0" timestamp="24 Jun 2015 07:44:55 GMT" time="9.187" errors="0">
  <testcase name="test" time="9.187" classname="com.safc.extra.Example"/>
</testsuite> <!-- com.safc.extra.Example -->
