<?xml version="1.0" encoding="UTF-8"?>
<!-- Generated by org.testng.reporters.JUnitReportReporter -->
<testsuite hostname="mthiruna-lap" name="com.safc.qa132.C9QA132_CloudUI_MyService_Test" tests="1" failures="0" timestamp="7 Jan 2014 07:21:09 GMT" time="118.097" errors="0">
  <testcase name="test" time="118.097" classname="com.safc.qa132.C9QA132_CloudUI_MyService_Test"/>
</testsuite> <!-- com.safc.qa132.C9QA132_CloudUI_MyService_Test -->
