<?xml version="1.0" encoding="UTF-8"?>
<!-- Generated by org.testng.reporters.JUnitReportReporter -->
<testsuite hostname="mthiruna-lap" name="com.qa132.java.C9_Java_ValidateError_Test" tests="1" failures="0" timestamp="20 Jan 2014 06:36:37 GMT" time="69.382" errors="0">
  <testcase name="test" time="69.382" classname="com.qa132.java.C9_Java_ValidateError_Test"/>
</testsuite> <!-- com.qa132.java.C9_Java_ValidateError_Test -->
