<?xml version="1.0" encoding="UTF-8"?>
<!-- Generated by org.testng.reporters.JUnitReportReporter -->
<testsuite hostname="MTHIRUNA-LAP" name="com.opc.test.MilestoneCreate" tests="1" failures="0" timestamp="14 Feb 2013 08:48:06 GMT" time="45.031" errors="0">
  <testcase name="test" time="45.031" classname="com.opc.test.MilestoneCreate"/>
</testsuite> <!-- com.opc.test.MilestoneCreate -->
