<?xml version="1.0" encoding="UTF-8"?>
<!-- Generated by org.testng.reporters.JUnitReportReporter -->
<testsuite hostname="mthiruna-lap" name="com.qa132.myaccount.C9_MYA_09_FunctionalityCheck_Test" tests="1" failures="0" timestamp="21 Jan 2014 10:47:04 GMT" time="133.704" errors="0">
  <testcase name="test" time="133.704" classname="com.qa132.myaccount.C9_MYA_09_FunctionalityCheck_Test"/>
</testsuite> <!-- com.qa132.myaccount.C9_MYA_09_FunctionalityCheck_Test -->
