<?xml version="1.0" encoding="UTF-8"?>
<!-- Generated by org.testng.reporters.JUnitReportReporter -->
<testsuite name="com.opc.test.AssociateDb" tests="1" time="52.803" ignored="0" failures="1" timestamp="11 Apr 2017 10:32:35 GMT" skipped="0" hostname="slc05wcd" errors="0">
  <testcase name="test" time="52.803" classname="com.opc.test.AssociateDb">
    <failure type="java.lang.AssertionError" message="Failed to connect to binary FirefoxBinary(C:\Program Files (x86)\Mozilla Firefox\firefox.exe) on port 7055; process output follows: 
1405280922204}}}
1491906710615	addons.xpi	DEBUG	Existing add-on fxdriver@googlecode.com in app-profile
1491906710615	addons.xpi	DEBUG	getModTime: Recursive scan of loop@mozilla.org
1491906710615	addons.xpi	DEBUG	Existing add-on loop@mozilla.org in app-system-defaults
1491906710616	addons.xpi	DEBUG	getModTime: Recursive scan of {972ce4c6-7e08-4474-a285-3208198ce6fd}
1491906710616	addons.xpi	DEBUG	Existing add-on {972ce4c6-7e08-4474-a285-3208198ce6fd} in app-global
1491906710617	addons.xpi	DEBUG	Existing add-on {D19CA586-DD6C-4a0a-96F8-14644F340D60} in winreg-app-global
1491906710617	addons.xpi	DEBUG	getInstallState changed: false, state: {&quot;app-profile&quot;:{&quot;fxdriver@googlecode.com&quot;:{&quot;d&quot;:&quot;C:\\Users\\ashikuku\\AppData\\Local\\Temp\\anonymous2642384140802265600webdriver-profile\\extensions\\fxdriver@googlecode.com&quot;,&quot;e&quot;:false,&quot;v&quot;:&quot;2.39.0&quot;,&quot;st&quot;:1491906704846,&quot;mt&quot;:1491906704563}},&quot;app-system-defaults&quot;:{&quot;loop@mozilla.org&quot;:{&quot;d&quot;:&quot;C:\\Program Files (x86)\\Mozilla Firefox\\browser\\features\\loop@mozilla.org.xpi&quot;,&quot;e&quot;:true,&quot;v&quot;:&quot;1.1.14&quot;,&quot;st&quot;:1480480322000}},&quot;app-global&quot;:{&quot;{972ce4c6-7e08-4474-a285-3208198ce6fd}&quot;:{&quot;d&quot;:&quot;C:\\Program Files (x86)\\Mozilla Firefox\\browser\\extensions\\{972ce4c6-7e08-4474-a285-3208198ce6fd}.xpi&quot;,&quot;e&quot;:true,&quot;v&quot;:&quot;45.5.1&quot;,&quot;st&quot;:1480480322000}},&quot;winreg-app-global&quot;:{&quot;{D19CA586-DD6C-4a0a-96F8-14644F340D60}&quot;:{&quot;d&quot;:&quot;C:\\Program Files (x86)\\Common Files\\McAfee\\SystemCore&quot;,&quot;e&quot;:false,&quot;v&quot;:&quot;IDS_SS_VERSION&quot;,&quot;st&quot;:1406343221328,&quot;mt&quot;:1405280922204}}}
1491906710619	addons.xpi	DEBUG	No changes found
1491906710625	addons.xpi	DEBUG	Registering manifest for C:\Program Files (x86)\Mozilla Firefox\browser\features\loop@mozilla.org.xpi
1491906710626	addons.xpi	DEBUG	Loading bootstrap scope from C:\Program Files (x86)\Mozilla Firefox\browser\features\loop@mozilla.org.xpi
1491906710639	addons.xpi	DEBUG	Calling bootstrap method startup on loop@mozilla.org version 1.1.14
1491906710642	addons.manager	DEBUG	Registering shutdown blocker for XPIProvider
1491906710642	addons.manager	DEBUG	Provider finished startup: XPIProvider
1491906710642	addons.manager	DEBUG	Starting provider: LightweightThemeManager
1491906710642	addons.manager	DEBUG	Registering shutdown blocker for LightweightThemeManager
1491906710643	addons.manager	DEBUG	Provider finished startup: LightweightThemeManager
1491906710643	addons.manager	DEBUG	Starting provider: GMPProvider
1491906710648	addons.manager	DEBUG	Registering shutdown blocker for GMPProvider
1491906710649	addons.manager	DEBUG	Provider finished startup: GMPProvider
1491906710649	addons.manager	DEBUG	Starting provider: PluginProvider
1491906710649	addons.manager	DEBUG	Registering shutdown blocker for PluginProvider
1491906710649	addons.manager	DEBUG	Provider finished startup: PluginProvider
1491906710649	addons.manager	DEBUG	Completed startup sequence
1491906710699	addons.xpi-utils	DEBUG	Starting async load of XPI database C:\Users\ashikuku\AppData\Local\Temp\anonymous2642384140802265600webdriver-profile\extensions.json
*** Blocklist::_loadBlocklistFromFile: blocklist is disabled
1491906710780	addons.manager	DEBUG	Starting provider: &lt;unnamed-provider&gt;
1491906710781	addons.manager	DEBUG	Registering shutdown blocker for &lt;unnamed-provider&gt;
1491906710781	addons.manager	DEBUG	Provider finished startup: &lt;unnamed-provider&gt;
1491906710893	addons.xpi-utils	DEBUG	Async JSON file read took 0 MS
1491906710893	addons.xpi-utils	DEBUG	Finished async read of XPI database, parsing...
1491906710894	addons.xpi-utils	DEBUG	Successfully read XPI database
1491906710969	addons.manager	DEBUG	Starting provider: PreviousExperimentProvider
1491906710969	addons.manager	DEBUG	Registering shutdown blocker for PreviousExperimentProvider
1491906710970	addons.manager	DEBUG	Provider finished startup: PreviousExperimentProvider
JavaScript warning: https://normandy-cloudfront.cdn.mozilla.net/static/bundles/selfrepair.8d056d434484b1d6ae51.js, line 7: mutating the [[Prototype]] of an object will cause your code to run very slowly; instead create the object with the correct initial [[Prototype]] value using Object.create

Build info: version: &#039;2.39.0&#039;, revision: &#039;ff23eac&#039;, time: &#039;2013-12-16 16:11:15&#039;
System info: host: &#039;slc05wcd&#039;, ip: &#039;10.249.129.123&#039;, os.name: &#039;Windows 7&#039;, os.arch: &#039;amd64&#039;, os.version: &#039;6.1&#039;, java.version: &#039;1.8.0_121&#039;
Driver info: driver.version: FirefoxDriver">
      <![CDATA[java.lang.AssertionError: Failed to connect to binary FirefoxBinary(C:\Program Files (x86)\Mozilla Firefox\firefox.exe) on port 7055; process output follows: 
1405280922204}}}
1491906710615	addons.xpi	DEBUG	Existing add-on fxdriver@googlecode.com in app-profile
1491906710615	addons.xpi	DEBUG	getModTime: Recursive scan of loop@mozilla.org
1491906710615	addons.xpi	DEBUG	Existing add-on loop@mozilla.org in app-system-defaults
1491906710616	addons.xpi	DEBUG	getModTime: Recursive scan of {972ce4c6-7e08-4474-a285-3208198ce6fd}
1491906710616	addons.xpi	DEBUG	Existing add-on {972ce4c6-7e08-4474-a285-3208198ce6fd} in app-global
1491906710617	addons.xpi	DEBUG	Existing add-on {D19CA586-DD6C-4a0a-96F8-14644F340D60} in winreg-app-global
1491906710617	addons.xpi	DEBUG	getInstallState changed: false, state: {"app-profile":{"fxdriver@googlecode.com":{"d":"C:\\Users\\ashikuku\\AppData\\Local\\Temp\\anonymous2642384140802265600webdriver-profile\\extensions\\fxdriver@googlecode.com","e":false,"v":"2.39.0","st":1491906704846,"mt":1491906704563}},"app-system-defaults":{"loop@mozilla.org":{"d":"C:\\Program Files (x86)\\Mozilla Firefox\\browser\\features\\loop@mozilla.org.xpi","e":true,"v":"1.1.14","st":1480480322000}},"app-global":{"{972ce4c6-7e08-4474-a285-3208198ce6fd}":{"d":"C:\\Program Files (x86)\\Mozilla Firefox\\browser\\extensions\\{972ce4c6-7e08-4474-a285-3208198ce6fd}.xpi","e":true,"v":"45.5.1","st":1480480322000}},"winreg-app-global":{"{D19CA586-DD6C-4a0a-96F8-14644F340D60}":{"d":"C:\\Program Files (x86)\\Common Files\\McAfee\\SystemCore","e":false,"v":"IDS_SS_VERSION","st":1406343221328,"mt":1405280922204}}}
1491906710619	addons.xpi	DEBUG	No changes found
1491906710625	addons.xpi	DEBUG	Registering manifest for C:\Program Files (x86)\Mozilla Firefox\browser\features\loop@mozilla.org.xpi
1491906710626	addons.xpi	DEBUG	Loading bootstrap scope from C:\Program Files (x86)\Mozilla Firefox\browser\features\loop@mozilla.org.xpi
1491906710639	addons.xpi	DEBUG	Calling bootstrap method startup on loop@mozilla.org version 1.1.14
1491906710642	addons.manager	DEBUG	Registering shutdown blocker for XPIProvider
1491906710642	addons.manager	DEBUG	Provider finished startup: XPIProvider
1491906710642	addons.manager	DEBUG	Starting provider: LightweightThemeManager
1491906710642	addons.manager	DEBUG	Registering shutdown blocker for LightweightThemeManager
1491906710643	addons.manager	DEBUG	Provider finished startup: LightweightThemeManager
1491906710643	addons.manager	DEBUG	Starting provider: GMPProvider
1491906710648	addons.manager	DEBUG	Registering shutdown blocker for GMPProvider
1491906710649	addons.manager	DEBUG	Provider finished startup: GMPProvider
1491906710649	addons.manager	DEBUG	Starting provider: PluginProvider
1491906710649	addons.manager	DEBUG	Registering shutdown blocker for PluginProvider
1491906710649	addons.manager	DEBUG	Provider finished startup: PluginProvider
1491906710649	addons.manager	DEBUG	Completed startup sequence
1491906710699	addons.xpi-utils	DEBUG	Starting async load of XPI database C:\Users\ashikuku\AppData\Local\Temp\anonymous2642384140802265600webdriver-profile\extensions.json
*** Blocklist::_loadBlocklistFromFile: blocklist is disabled
1491906710780	addons.manager	DEBUG	Starting provider: <unnamed-provider>
1491906710781	addons.manager	DEBUG	Registering shutdown blocker for <unnamed-provider>
1491906710781	addons.manager	DEBUG	Provider finished startup: <unnamed-provider>
1491906710893	addons.xpi-utils	DEBUG	Async JSON file read took 0 MS
1491906710893	addons.xpi-utils	DEBUG	Finished async read of XPI database, parsing...
1491906710894	addons.xpi-utils	DEBUG	Successfully read XPI database
1491906710969	addons.manager	DEBUG	Starting provider: PreviousExperimentProvider
1491906710969	addons.manager	DEBUG	Registering shutdown blocker for PreviousExperimentProvider
1491906710970	addons.manager	DEBUG	Provider finished startup: PreviousExperimentProvider
JavaScript warning: https://normandy-cloudfront.cdn.mozilla.net/static/bundles/selfrepair.8d056d434484b1d6ae51.js, line 7: mutating the [[Prototype]] of an object will cause your code to run very slowly; instead create the object with the correct initial [[Prototype]] value using Object.create

Build info: version: '2.39.0', revision: 'ff23eac', time: '2013-12-16 16:11:15'
System info: host: 'slc05wcd', ip: '10.249.129.123', os.name: 'Windows 7', os.arch: 'amd64', os.version: '6.1', java.version: '1.8.0_121'
Driver info: driver.version: FirefoxDriver
	at org.testng.Assert.fail(Assert.java:94)
	at com.opc.test.AssociateDb.test(AssociateDb.java:77)
	at sun.reflect.NativeMethodAccessorImpl.invoke0(Native Method)
	at sun.reflect.NativeMethodAccessorImpl.invoke(Unknown Source)
	at sun.reflect.DelegatingMethodAccessorImpl.invoke(Unknown Source)
	at java.lang.reflect.Method.invoke(Unknown Source)
	at org.testng.internal.MethodInvocationHelper.invokeMethod(MethodInvocationHelper.java:104)
	at org.testng.internal.Invoker.invokeMethod(Invoker.java:645)
	at org.testng.internal.Invoker.invokeTestMethod(Invoker.java:851)
	at org.testng.internal.Invoker.invokeTestMethods(Invoker.java:1177)
	at org.testng.internal.TestMethodWorker.invokeTestMethods(TestMethodWorker.java:129)
	at org.testng.internal.TestMethodWorker.run(TestMethodWorker.java:112)
	at org.testng.TestRunner.privateRun(TestRunner.java:756)
	at org.testng.TestRunner.run(TestRunner.java:610)
	at org.testng.SuiteRunner.runTest(SuiteRunner.java:387)
	at org.testng.SuiteRunner.runSequentially(SuiteRunner.java:382)
	at org.testng.SuiteRunner.privateRun(SuiteRunner.java:340)
	at org.testng.SuiteRunner.run(SuiteRunner.java:289)
	at org.testng.SuiteRunnerWorker.runSuite(SuiteRunnerWorker.java:52)
	at org.testng.SuiteRunnerWorker.run(SuiteRunnerWorker.java:86)
	at org.testng.TestNG.runSuitesSequentially(TestNG.java:1293)
	at org.testng.TestNG.runSuitesLocally(TestNG.java:1218)
	at org.testng.TestNG.runSuites(TestNG.java:1133)
	at org.testng.TestNG.run(TestNG.java:1104)
	at org.testng.remote.AbstractRemoteTestNG.run(AbstractRemoteTestNG.java:132)
	at org.testng.remote.RemoteTestNG.initAndRun(RemoteTestNG.java:236)
	at org.testng.remote.RemoteTestNG.main(RemoteTestNG.java:81)
]]>
    </failure>
  </testcase> <!-- test -->
</testsuite> <!-- com.opc.test.AssociateDb -->
