<?xml version="1.0" encoding="UTF-8"?>
<!-- Generated by org.testng.reporters.JUnitReportReporter -->
<testsuite hostname="slc05wcd" name="com.qa141.services.C9_Storage_01_Create_Trial_StorageService_Test" tests="1" failures="0" timestamp="13 Jul 2016 20:41:21 GMT" time="141.044" errors="0">
  <testcase name="test" time="141.044" classname="com.qa141.services.C9_Storage_01_Create_Trial_StorageService_Test"/>
</testsuite> <!-- com.qa141.services.C9_Storage_01_Create_Trial_StorageService_Test -->
