<?xml version="1.0" encoding="UTF-8"?>
<!-- Generated by org.testng.reporters.JUnitReportReporter -->
<testsuite hostname="slc05gyj" name="com.hudson.dashboard.HudsonDashboard_PushDataToDashboard" tests="1" failures="0" timestamp="7 Nov 2014 10:22:39 GMT" time="51.831" errors="0">
  <testcase name="test" time="51.831" classname="com.hudson.dashboard.HudsonDashboard_PushDataToDashboard"/>
</testsuite> <!-- com.hudson.dashboard.HudsonDashboard_PushDataToDashboard -->
