<?xml version="1.0" encoding="UTF-8"?>
<!-- Generated by org.testng.reporters.JUnitReportReporter -->
<testsuite hostname="MTHIRUNA-LAP" name="com.opc.test.ACCtest" tests="1" failures="0" timestamp="12 Mar 2013 09:29:24 GMT" time="22.284" errors="0">
  <testcase name="test" time="22.284" classname="com.opc.test.ACCtest"/>
</testsuite> <!-- com.opc.test.ACCtest -->
