<?xml version="1.0" encoding="UTF-8"?>
<!-- Generated by org.testng.reporters.JUnitReportReporter -->
<testsuite hostname="slc05gyj" name="com.qa141.occs.security.C9_occsSecurity_18_Sorting_Test" tests="1" failures="0" timestamp="5 Dec 2014 10:32:12 GMT" time="56.449" errors="0">
  <testcase name="test" time="56.449" classname="com.qa141.occs.security.C9_occsSecurity_18_Sorting_Test"/>
</testsuite> <!-- com.qa141.occs.security.C9_occsSecurity_18_Sorting_Test -->
