<?xml version="1.0" encoding="UTF-8"?>
<!-- Generated by org.testng.reporters.JUnitReportReporter -->
<testsuite hostname="MTHIRUNA-LAP" name="com.opc.test.Bugs_create" tests="1" failures="0" timestamp="14 Feb 2013 08:44:03 GMT" time="39.837" errors="0">
  <testcase name="test" time="39.837" classname="com.opc.test.Bugs_create"/>
</testsuite> <!-- com.opc.test.Bugs_create -->
