<?xml version="1.0" encoding="UTF-8"?>
<!-- Generated by org.testng.reporters.JUnitReportReporter -->
<testsuite hostname="slc05gyj" name="com.qa141.occs.compute.C9_OCCS_32_NetworkTab_AccessRules_Update" tests="1" failures="0" timestamp="15 Feb 2015 20:49:38 GMT" time="203.608" errors="0">
  <testcase name="test" time="203.608" classname="com.qa141.occs.compute.C9_OCCS_32_NetworkTab_AccessRules_Update"/>
</testsuite> <!-- com.qa141.occs.compute.C9_OCCS_32_NetworkTab_AccessRules_Update -->
