<?xml version="1.0" encoding="UTF-8"?>
<!-- Generated by org.testng.reporters.JUnitReportReporter -->
<testsuite hostname="mthiruna-lap" name="com.qa132.java.C9_JS_SearchFeature_Test" tests="1" failures="0" timestamp="17 Jan 2014 11:05:09 GMT" time="160.048" errors="0">
  <testcase name="test" time="160.048" classname="com.qa132.java.C9_JS_SearchFeature_Test"/>
</testsuite> <!-- com.qa132.java.C9_JS_SearchFeature_Test -->
