<?xml version="1.0" encoding="UTF-8"?>
<!-- Generated by org.testng.reporters.JUnitReportReporter -->
<testsuite hostname="mthiruna-lap" name="com.qa132.myservices.C9_MYS_07_Filedownload" tests="1" failures="0" timestamp="30 Apr 2014 07:21:50 GMT" time="157.320" errors="0">
  <testcase name="test" time="157.320" classname="com.qa132.myservices.C9_MYS_07_Filedownload"/>
</testsuite> <!-- com.qa132.myservices.C9_MYS_07_Filedownload -->
