<?xml version="1.0" encoding="UTF-8"?>
<!-- Generated by org.testng.reporters.JUnitReportReporter -->
<testsuite hostname="slc02qkd" name="com.qa141.cloudui.C9_CloudUI_05_MyAccount_Test" tests="1" failures="0" timestamp="14 Oct 2014 07:32:44 GMT" time="72.705" errors="0">
  <testcase name="test" time="72.705" classname="com.qa141.cloudui.C9_CloudUI_05_MyAccount_Test"/>
</testsuite> <!-- com.qa141.cloudui.C9_CloudUI_05_MyAccount_Test -->
