<?xml version="1.0" encoding="UTF-8"?>
<!-- Generated by org.testng.reporters.JUnitReportReporter -->
<testsuite hostname="slc05gyj" name="com.hudson.dashboard.HudsonDashboard_ParseJobs" tests="1" failures="0" timestamp="7 Nov 2014 10:21:19 GMT" time="13.245" errors="0">
  <testcase name="test" time="13.245" classname="com.hudson.dashboard.HudsonDashboard_ParseJobs"/>
</testsuite> <!-- com.hudson.dashboard.HudsonDashboard_ParseJobs -->
