<?xml version="1.0" encoding="UTF-8"?>
<!-- Generated by org.testng.reporters.JUnitReportReporter -->
<testsuite hostname="mthiruna-lap" name="com.safc.AT_CloudUI_HomePage_Test" tests="1" failures="0" timestamp="10 Jul 2013 10:43:16 GMT" time="80.624" errors="0">
  <testcase name="test" time="80.624" classname="com.safc.AT_CloudUI_HomePage_Test"/>
</testsuite> <!-- com.safc.AT_CloudUI_HomePage_Test -->
