<?xml version="1.0" encoding="UTF-8"?>
<!-- Generated by org.testng.reporters.JUnitReportReporter -->
<testsuite hostname="slc05gyj" name="com.qa141.cloudui.C9_CloudUI_04_MyServicesLink_test" tests="1" failures="0" timestamp="9 Mar 2015 10:59:52 GMT" time="67.232" errors="0">
  <testcase name="test" time="67.232" classname="com.qa141.cloudui.C9_CloudUI_04_MyServicesLink_test"/>
</testsuite> <!-- com.qa141.cloudui.C9_CloudUI_04_MyServicesLink_test -->
