<?xml version="1.0" encoding="UTF-8"?>
<!-- Generated by org.testng.reporters.JUnitReportReporter -->
<testsuite hostname="slc05gyj" name="com.qa151.pb.C9_PB_43_19641329_VerifyTextInInstanceDropdownOfStorageDetails" tests="1" failures="0" timestamp="25 Feb 2015 07:10:02 GMT" time="259.485" errors="0">
  <testcase name="test" time="259.485" classname="com.qa151.pb.C9_PB_43_19641329_VerifyTextInInstanceDropdownOfStorageDetails"/>
</testsuite> <!-- com.qa151.pb.C9_PB_43_19641329_VerifyTextInInstanceDropdownOfStorageDetails -->
