<?xml version="1.0" encoding="UTF-8"?>
<!-- Generated by org.testng.reporters.JUnitReportReporter -->
<testsuite hostname="mthiruna-lap" name="com.qa132.java.C9_java_Filedownload_Test" tests="1" failures="0" timestamp="20 Jan 2014 06:40:10 GMT" time="83.444" errors="0">
  <testcase name="test" time="83.444" classname="com.qa132.java.C9_java_Filedownload_Test"/>
</testsuite> <!-- com.qa132.java.C9_java_Filedownload_Test -->
