<?xml version="1.0" encoding="UTF-8"?>
<!-- Generated by org.testng.reporters.JUnitReportReporter -->
<testsuite name="com.qa141.securities.C9_Security_01_LogonLogout_Test" tests="1" time="127.557" ignored="44" failures="0" timestamp="17 Mar 2017 09:42:55 GMT" skipped="0" hostname="slc05wcd" errors="0">
  <testcase name="test" time="127.557" classname="com.qa141.securities.C9_Security_01_LogonLogout_Test"/>
  <testcase name="setup" classname="com.safc.configuration.BaseTest">
    <skipped/>
  </testcase> <!-- setup -->
  <testcase name="setup" classname="com.safc.configuration.BaseTest">
    <skipped/>
  </testcase> <!-- setup -->
  <testcase name="setup" classname="com.safc.configuration.BaseTest">
    <skipped/>
  </testcase> <!-- setup -->
  <testcase name="setup" classname="com.safc.configuration.BaseTest">
    <skipped/>
  </testcase> <!-- setup -->
  <testcase name="setup" classname="com.safc.configuration.BaseTest">
    <skipped/>
  </testcase> <!-- setup -->
  <testcase name="setup" classname="com.safc.configuration.BaseTest">
    <skipped/>
  </testcase> <!-- setup -->
  <testcase name="setup" classname="com.safc.configuration.BaseTest">
    <skipped/>
  </testcase> <!-- setup -->
  <testcase name="setup" classname="com.safc.configuration.BaseTest">
    <skipped/>
  </testcase> <!-- setup -->
  <testcase name="setup" classname="com.safc.configuration.BaseTest">
    <skipped/>
  </testcase> <!-- setup -->
  <testcase name="setup" classname="com.safc.configuration.BaseTest">
    <skipped/>
  </testcase> <!-- setup -->
  <testcase name="setup" classname="com.safc.configuration.BaseTest">
    <skipped/>
  </testcase> <!-- setup -->
  <testcase name="setup" classname="com.safc.configuration.BaseTest">
    <skipped/>
  </testcase> <!-- setup -->
  <testcase name="setup" classname="com.safc.configuration.BaseTest">
    <skipped/>
  </testcase> <!-- setup -->
  <testcase name="setup" classname="com.safc.configuration.BaseTest">
    <skipped/>
  </testcase> <!-- setup -->
  <testcase name="setup" classname="com.safc.configuration.BaseTest">
    <skipped/>
  </testcase> <!-- setup -->
  <testcase name="setup" classname="com.safc.configuration.BaseTest">
    <skipped/>
  </testcase> <!-- setup -->
  <testcase name="setup" classname="com.safc.configuration.BaseTest">
    <skipped/>
  </testcase> <!-- setup -->
  <testcase name="setup" classname="com.safc.configuration.BaseTest">
    <skipped/>
  </testcase> <!-- setup -->
  <testcase name="setup" classname="com.safc.configuration.BaseTest">
    <skipped/>
  </testcase> <!-- setup -->
  <testcase name="setup" classname="com.safc.configuration.BaseTest">
    <skipped/>
  </testcase> <!-- setup -->
  <testcase name="setup" classname="com.safc.configuration.BaseTest">
    <skipped/>
  </testcase> <!-- setup -->
  <testcase name="setup" classname="com.safc.configuration.BaseTest">
    <skipped/>
  </testcase> <!-- setup -->
  <testcase name="tearDown" classname="com.safc.configuration.BaseTest">
    <skipped/>
  </testcase> <!-- tearDown -->
  <testcase name="tearDown" classname="com.safc.configuration.BaseTest">
    <skipped/>
  </testcase> <!-- tearDown -->
  <testcase name="tearDown" classname="com.safc.configuration.BaseTest">
    <skipped/>
  </testcase> <!-- tearDown -->
  <testcase name="tearDown" classname="com.safc.configuration.BaseTest">
    <skipped/>
  </testcase> <!-- tearDown -->
  <testcase name="tearDown" classname="com.safc.configuration.BaseTest">
    <skipped/>
  </testcase> <!-- tearDown -->
  <testcase name="tearDown" classname="com.safc.configuration.BaseTest">
    <skipped/>
  </testcase> <!-- tearDown -->
  <testcase name="tearDown" classname="com.safc.configuration.BaseTest">
    <skipped/>
  </testcase> <!-- tearDown -->
  <testcase name="tearDown" classname="com.safc.configuration.BaseTest">
    <skipped/>
  </testcase> <!-- tearDown -->
  <testcase name="tearDown" classname="com.safc.configuration.BaseTest">
    <skipped/>
  </testcase> <!-- tearDown -->
  <testcase name="tearDown" classname="com.safc.configuration.BaseTest">
    <skipped/>
  </testcase> <!-- tearDown -->
  <testcase name="tearDown" classname="com.safc.configuration.BaseTest">
    <skipped/>
  </testcase> <!-- tearDown -->
  <testcase name="tearDown" classname="com.safc.configuration.BaseTest">
    <skipped/>
  </testcase> <!-- tearDown -->
  <testcase name="tearDown" classname="com.safc.configuration.BaseTest">
    <skipped/>
  </testcase> <!-- tearDown -->
  <testcase name="tearDown" classname="com.safc.configuration.BaseTest">
    <skipped/>
  </testcase> <!-- tearDown -->
  <testcase name="tearDown" classname="com.safc.configuration.BaseTest">
    <skipped/>
  </testcase> <!-- tearDown -->
  <testcase name="tearDown" classname="com.safc.configuration.BaseTest">
    <skipped/>
  </testcase> <!-- tearDown -->
  <testcase name="tearDown" classname="com.safc.configuration.BaseTest">
    <skipped/>
  </testcase> <!-- tearDown -->
  <testcase name="tearDown" classname="com.safc.configuration.BaseTest">
    <skipped/>
  </testcase> <!-- tearDown -->
  <testcase name="tearDown" classname="com.safc.configuration.BaseTest">
    <skipped/>
  </testcase> <!-- tearDown -->
  <testcase name="tearDown" classname="com.safc.configuration.BaseTest">
    <skipped/>
  </testcase> <!-- tearDown -->
  <testcase name="tearDown" classname="com.safc.configuration.BaseTest">
    <skipped/>
  </testcase> <!-- tearDown -->
  <testcase name="tearDown" classname="com.safc.configuration.BaseTest">
    <skipped/>
  </testcase> <!-- tearDown -->
</testsuite> <!-- com.qa141.securities.C9_Security_01_LogonLogout_Test -->
