<?xml version="1.0" encoding="UTF-8"?>
<!-- Generated by org.testng.reporters.JUnitReportReporter -->
<testsuite hostname="slc05gyj" name="com.qa151.pb.C9_PB_46_19641053_UATextCreateInstanceNetworkScreen" tests="1" failures="0" timestamp="25 Feb 2015 07:10:02 GMT" time="153.687" errors="0">
  <testcase name="test" time="153.687" classname="com.qa151.pb.C9_PB_46_19641053_UATextCreateInstanceNetworkScreen"/>
</testsuite> <!-- com.qa151.pb.C9_PB_46_19641053_UATextCreateInstanceNetworkScreen -->
