<?xml version="1.0" encoding="UTF-8"?>
<!-- Generated by org.testng.reporters.JUnitReportReporter -->
<testsuite hostname="slc02qkd" name="com.qa132.cloudui.C9_LandingPage_05_All_Buttons_Test" tests="1" failures="0" timestamp="8 May 2014 14:29:40 GMT" time="102.770" errors="0">
  <testcase name="test" time="102.770" classname="com.qa132.cloudui.C9_LandingPage_05_All_Buttons_Test"/>
</testsuite> <!-- com.qa132.cloudui.C9_LandingPage_05_All_Buttons_Test -->
