<?xml version="1.0" encoding="UTF-8"?>
<!-- Generated by org.testng.reporters.JUnitReportReporter -->
<testsuite hostname="slc05gyj" name="com.qa141.cloudui.C9_CloudUI_03_Chatnow_Test" tests="1" failures="0" timestamp="6 Nov 2014 06:02:56 GMT" time="165.328" errors="0">
  <testcase name="test" time="165.328" classname="com.qa141.cloudui.C9_CloudUI_03_Chatnow_Test"/>
</testsuite> <!-- com.qa141.cloudui.C9_CloudUI_03_Chatnow_Test -->
