<?xml version="1.0" encoding="UTF-8"?>
<!-- Generated by org.testng.reporters.JUnitReportReporter -->
<testsuite hostname="mthiruna-lap" name="com.qa132.java.C9_Java_11_VerifyLinks_Test" tests="1" failures="0" timestamp="20 Jan 2014 07:29:51 GMT" time="139.004" errors="0">
  <testcase name="test" time="139.004" classname="com.qa132.java.C9_Java_11_VerifyLinks_Test"/>
</testsuite> <!-- com.qa132.java.C9_Java_11_VerifyLinks_Test -->
