<?xml version="1.0" encoding="UTF-8"?>
<!-- Generated by org.testng.reporters.JUnitReportReporter -->
<testsuite name="com.qa141.myservices.C9_MYS_08_ValidateErrorpages_Test" tests="1" time="214.770" ignored="42" failures="0" timestamp="22 Feb 2017 11:55:12 GMT" skipped="0" hostname="slc05wcd" errors="0">
  <testcase name="test" time="214.770" classname="com.qa141.myservices.C9_MYS_08_ValidateErrorpages_Test"/>
  <testcase name="setup" classname="com.safc.configuration.BaseTest">
    <skipped/>
  </testcase> <!-- setup -->
  <testcase name="setup" classname="com.safc.configuration.BaseTest">
    <skipped/>
  </testcase> <!-- setup -->
  <testcase name="setup" classname="com.safc.configuration.BaseTest">
    <skipped/>
  </testcase> <!-- setup -->
  <testcase name="setup" classname="com.safc.configuration.BaseTest">
    <skipped/>
  </testcase> <!-- setup -->
  <testcase name="setup" classname="com.safc.configuration.BaseTest">
    <skipped/>
  </testcase> <!-- setup -->
  <testcase name="setup" classname="com.safc.configuration.BaseTest">
    <skipped/>
  </testcase> <!-- setup -->
  <testcase name="setup" classname="com.safc.configuration.BaseTest">
    <skipped/>
  </testcase> <!-- setup -->
  <testcase name="setup" classname="com.safc.configuration.BaseTest">
    <skipped/>
  </testcase> <!-- setup -->
  <testcase name="setup" classname="com.safc.configuration.BaseTest">
    <skipped/>
  </testcase> <!-- setup -->
  <testcase name="setup" classname="com.safc.configuration.BaseTest">
    <skipped/>
  </testcase> <!-- setup -->
  <testcase name="setup" classname="com.safc.configuration.BaseTest">
    <skipped/>
  </testcase> <!-- setup -->
  <testcase name="setup" classname="com.safc.configuration.BaseTest">
    <skipped/>
  </testcase> <!-- setup -->
  <testcase name="setup" classname="com.safc.configuration.BaseTest">
    <skipped/>
  </testcase> <!-- setup -->
  <testcase name="setup" classname="com.safc.configuration.BaseTest">
    <skipped/>
  </testcase> <!-- setup -->
  <testcase name="setup" classname="com.safc.configuration.BaseTest">
    <skipped/>
  </testcase> <!-- setup -->
  <testcase name="setup" classname="com.safc.configuration.BaseTest">
    <skipped/>
  </testcase> <!-- setup -->
  <testcase name="setup" classname="com.safc.configuration.BaseTest">
    <skipped/>
  </testcase> <!-- setup -->
  <testcase name="setup" classname="com.safc.configuration.BaseTest">
    <skipped/>
  </testcase> <!-- setup -->
  <testcase name="setup" classname="com.safc.configuration.BaseTest">
    <skipped/>
  </testcase> <!-- setup -->
  <testcase name="setup" classname="com.safc.configuration.BaseTest">
    <skipped/>
  </testcase> <!-- setup -->
  <testcase name="setup" classname="com.safc.configuration.BaseTest">
    <skipped/>
  </testcase> <!-- setup -->
  <testcase name="tearDown" classname="com.safc.configuration.BaseTest">
    <skipped/>
  </testcase> <!-- tearDown -->
  <testcase name="tearDown" classname="com.safc.configuration.BaseTest">
    <skipped/>
  </testcase> <!-- tearDown -->
  <testcase name="tearDown" classname="com.safc.configuration.BaseTest">
    <skipped/>
  </testcase> <!-- tearDown -->
  <testcase name="tearDown" classname="com.safc.configuration.BaseTest">
    <skipped/>
  </testcase> <!-- tearDown -->
  <testcase name="tearDown" classname="com.safc.configuration.BaseTest">
    <skipped/>
  </testcase> <!-- tearDown -->
  <testcase name="tearDown" classname="com.safc.configuration.BaseTest">
    <skipped/>
  </testcase> <!-- tearDown -->
  <testcase name="tearDown" classname="com.safc.configuration.BaseTest">
    <skipped/>
  </testcase> <!-- tearDown -->
  <testcase name="tearDown" classname="com.safc.configuration.BaseTest">
    <skipped/>
  </testcase> <!-- tearDown -->
  <testcase name="tearDown" classname="com.safc.configuration.BaseTest">
    <skipped/>
  </testcase> <!-- tearDown -->
  <testcase name="tearDown" classname="com.safc.configuration.BaseTest">
    <skipped/>
  </testcase> <!-- tearDown -->
  <testcase name="tearDown" classname="com.safc.configuration.BaseTest">
    <skipped/>
  </testcase> <!-- tearDown -->
  <testcase name="tearDown" classname="com.safc.configuration.BaseTest">
    <skipped/>
  </testcase> <!-- tearDown -->
  <testcase name="tearDown" classname="com.safc.configuration.BaseTest">
    <skipped/>
  </testcase> <!-- tearDown -->
  <testcase name="tearDown" classname="com.safc.configuration.BaseTest">
    <skipped/>
  </testcase> <!-- tearDown -->
  <testcase name="tearDown" classname="com.safc.configuration.BaseTest">
    <skipped/>
  </testcase> <!-- tearDown -->
  <testcase name="tearDown" classname="com.safc.configuration.BaseTest">
    <skipped/>
  </testcase> <!-- tearDown -->
  <testcase name="tearDown" classname="com.safc.configuration.BaseTest">
    <skipped/>
  </testcase> <!-- tearDown -->
  <testcase name="tearDown" classname="com.safc.configuration.BaseTest">
    <skipped/>
  </testcase> <!-- tearDown -->
  <testcase name="tearDown" classname="com.safc.configuration.BaseTest">
    <skipped/>
  </testcase> <!-- tearDown -->
  <testcase name="tearDown" classname="com.safc.configuration.BaseTest">
    <skipped/>
  </testcase> <!-- tearDown -->
  <testcase name="tearDown" classname="com.safc.configuration.BaseTest">
    <skipped/>
  </testcase> <!-- tearDown -->
</testsuite> <!-- com.qa141.myservices.C9_MYS_08_ValidateErrorpages_Test -->
