<?xml version="1.0" encoding="UTF-8"?>
<!-- Generated by org.testng.reporters.JUnitReportReporter -->
<testsuite hostname="slc05gyj" name="com.qa141.occs.computetabs.C9_OCCS_Network_06_NetworkGroup" tests="1" failures="0" timestamp="16 Feb 2015 06:36:03 GMT" time="133.583" errors="0">
  <testcase name="test" time="133.583" classname="com.qa141.occs.computetabs.C9_OCCS_Network_06_NetworkGroup"/>
</testsuite> <!-- com.qa141.occs.computetabs.C9_OCCS_Network_06_NetworkGroup -->
