<?xml version="1.0" encoding="UTF-8"?>
<!-- Generated by org.testng.reporters.JUnitReportReporter -->
<testsuite hostname="LAPTOP-7O5028J4" failures="0" tests="1" name="com.qa141.com.qa141.myaccount.NewTest" time="6.001" errors="0" timestamp="29 Jun 2019 20:59:32 GMT" skipped="0">
  <testcase classname="com.qa141.com.qa141.myaccount.NewTest" name="test" time="6.001"/>
</testsuite> <!-- com.qa141.com.qa141.myaccount.NewTest -->
