<?xml version="1.0" encoding="UTF-8"?>
<!-- Generated by org.testng.reporters.JUnitReportReporter -->
<testsuite hostname="mthiruna-lap" name="com.safc.at.Closing_wind" tests="1" failures="0" timestamp="9 Oct 2013 07:31:22 GMT" time="54.193" errors="0">
  <testcase name="test" time="54.193" classname="com.safc.at.Closing_wind"/>
</testsuite> <!-- com.safc.at.Closing_wind -->
