<?xml version="1.0" encoding="UTF-8"?>
<!-- Generated by org.testng.reporters.JUnitReportReporter -->
<testsuite hostname="mthiruna-lap" name="com.qa132.myaccount.C9QA132_C9_MA_01_SearchFilter_Test" tests="1" failures="0" timestamp="9 Jan 2014 07:23:58 GMT" time="95.641" errors="0">
  <testcase name="test" time="95.641" classname="com.qa132.myaccount.C9QA132_C9_MA_01_SearchFilter_Test"/>
</testsuite> <!-- com.qa132.myaccount.C9QA132_C9_MA_01_SearchFilter_Test -->
