<?xml version="1.0" encoding="UTF-8"?>
<!-- Generated by org.testng.reporters.JUnitReportReporter -->
<testsuite hostname="slc05gyj" name="com.qa141.occs.javaservice.C9_OCJS_01_SearchBox" tests="1" failures="0" timestamp="16 Feb 2015 07:49:34 GMT" time="57.420" errors="0">
  <testcase name="test" time="57.420" classname="com.qa141.occs.javaservice.C9_OCJS_01_SearchBox"/>
</testsuite> <!-- com.qa141.occs.javaservice.C9_OCJS_01_SearchBox -->
