<?xml version="1.0" encoding="UTF-8"?>
<!-- Generated by org.testng.reporters.JUnitReportReporter -->
<testsuite hostname="slc05gyj" name="com.qa141.occs.computetabs.C9_OCCS_Network_08_NetworkGroupSearch" tests="1" failures="0" timestamp="16 Feb 2015 06:36:03 GMT" time="225.682" errors="0">
  <testcase name="test" time="225.682" classname="com.qa141.occs.computetabs.C9_OCCS_Network_08_NetworkGroupSearch"/>
</testsuite> <!-- com.qa141.occs.computetabs.C9_OCCS_Network_08_NetworkGroupSearch -->
