<?xml version="1.0" encoding="UTF-8"?>
<!-- Generated by org.testng.reporters.JUnitReportReporter -->
<testsuite hostname="slc02qkd" name="com.qa132.cloudui.C9_LandingPage_16_Resources_Discover_Test" tests="1" failures="0" timestamp="8 May 2014 14:29:39 GMT" time="294.318" errors="0">
  <testcase name="test" time="294.318" classname="com.qa132.cloudui.C9_LandingPage_16_Resources_Discover_Test"/>
</testsuite> <!-- com.qa132.cloudui.C9_LandingPage_16_Resources_Discover_Test -->
