<?xml version="1.0" encoding="UTF-8"?>
<!-- Generated by org.testng.reporters.JUnitReportReporter -->
<testsuite hostname="slc02qkd" name="com.qa132.services.C9_Storage_01_Create_Trial_StorageService_Test" tests="1" failures="0" timestamp="11 Sep 2014 12:25:26 GMT" time="66.630" errors="0">
  <testcase name="test" time="66.630" classname="com.qa132.services.C9_Storage_01_Create_Trial_StorageService_Test"/>
</testsuite> <!-- com.qa132.services.C9_Storage_01_Create_Trial_StorageService_Test -->
