<?xml version="1.0" encoding="UTF-8"?>
<!-- Generated by org.testng.reporters.JUnitReportReporter -->
<testsuite hostname="slc05wcd" name="com.qa141.services.C9_CloudUI_Create_Trial_DBService_Test" tests="1" failures="0" timestamp="13 Jul 2016 20:41:21 GMT" time="209.736" errors="0">
  <testcase name="test" time="209.736" classname="com.qa141.services.C9_CloudUI_Create_Trial_DBService_Test"/>
</testsuite> <!-- com.qa141.services.C9_CloudUI_Create_Trial_DBService_Test -->
