<?xml version="1.0" encoding="UTF-8"?>
<!-- Generated by org.testng.reporters.JUnitReportReporter -->
<testsuite hostname="mthiruna-lap" name="com.qa132.myservices.C9_MYS_02_VerifyAllLinks_Test" tests="1" failures="0" timestamp="14 Jan 2014 11:32:17 GMT" time="99.191" errors="0">
  <testcase name="test" time="99.191" classname="com.qa132.myservices.C9_MYS_02_VerifyAllLinks_Test"/>
</testsuite> <!-- com.qa132.myservices.C9_MYS_02_VerifyAllLinks_Test -->
