<?xml version="1.0" encoding="UTF-8"?>
<!-- Generated by org.testng.reporters.JUnitReportReporter -->
<testsuite hostname="slc02qkd" name="com.qa132.cloudui.C9_LandingPage_01_HeaderFooter_Test" tests="1" failures="0" timestamp="8 May 2014 14:29:40 GMT" time="356.238" errors="0">
  <testcase name="test" time="356.238" classname="com.qa132.cloudui.C9_LandingPage_01_HeaderFooter_Test"/>
</testsuite> <!-- com.qa132.cloudui.C9_LandingPage_01_HeaderFooter_Test -->
