<?xml version="1.0" encoding="UTF-8"?>
<!-- Generated by org.testng.reporters.JUnitReportReporter -->
<testsuite hostname="mthiruna-lap" name="com.qa132.MyAccount.C9QA132_C9_MA_06_loginLogout_Test" tests="1" failures="0" timestamp="16 Jan 2014 07:45:01 GMT" time="98.843" errors="0">
  <testcase name="test" time="98.843" classname="com.qa132.MyAccount.C9QA132_C9_MA_06_loginLogout_Test"/>
</testsuite> <!-- com.qa132.MyAccount.C9QA132_C9_MA_06_loginLogout_Test -->
