<?xml version="1.0" encoding="UTF-8"?>
<!-- Generated by org.testng.reporters.JUnitReportReporter -->
<testsuite hostname="mthiruna-lap" name="com.qa132.HomeCloudUI.C9_CloudUI_03_Chatnow_Test" tests="1" failures="0" timestamp="18 Mar 2014 11:35:04 GMT" time="52.523" errors="0">
  <testcase name="test" time="52.523" classname="com.qa132.HomeCloudUI.C9_CloudUI_03_Chatnow_Test"/>
</testsuite> <!-- com.qa132.HomeCloudUI.C9_CloudUI_03_Chatnow_Test -->
