<?xml version="1.0" encoding="UTF-8"?>
<!-- Generated by org.testng.reporters.JUnitReportReporter -->
<testsuite hostname="mthiruna-lap" name="com.safc.at.AT_DEMO1" tests="1" failures="0" timestamp="19 Jul 2013 07:23:00 GMT" time="63.950" errors="0">
  <testcase name="test" time="63.950" classname="com.safc.at.AT_DEMO1"/>
</testsuite> <!-- com.safc.at.AT_DEMO1 -->
