<?xml version="1.0" encoding="UTF-8"?>
<!-- Generated by org.testng.reporters.JUnitReportReporter -->
<testsuite hostname="slc05wcd" name="com.qa141.cloudui.C9_LandingPage_02_Empower_Business_Test" tests="1" failures="1" timestamp="8 Jul 2016 09:59:00 GMT" time="0.279" errors="0">
  <testcase name="test" time="0.279" classname="com.qa141.cloudui.C9_LandingPage_02_Empower_Business_Test">
    <failure type="java.lang.Error" message="Unresolved compilation problems: 
	Home_Empower_business cannot be resolved or is not a field
	Home_Empower_business_Overview_title cannot be resolved or is not a field
	Home_Empower_business_why_oracle cannot be resolved or is not a field
	Home_Empower_business_why_oracle_title cannot be resolved or is not a field
	Home_Empower_business_financials cannot be resolved or is not a field
	Home_Empower_business_financials_title cannot be resolved or is not a field
	Home_Empower_business_financials_pricing_title cannot be resolved or is not a field
	Home_Empower_business_financials_learn_more_title cannot be resolved or is not a field
	Home_Empower_business_financials_procerecement cannot be resolved or is not a field
	Home_Empower_business_financials_procerecement_title cannot be resolved or is not a field
	Home_Empower_business_financials_pricing_title1 cannot be resolved or is not a field
	Home_Empower_business_financials_procerecement_learn_more_title cannot be resolved or is not a field
	Home_Empower_business_proejct_portfolioManagementk cannot be resolved or is not a field
	Home_Empower_business_proejct_portfolioManagementk_text cannot be resolved or is not a field
	Home_Empower_business_proejct_portfolioManagement_pricing_title cannot be resolved or is not a field
	Home_Empower_business_proejct_portfolioManagement_learn_more_title cannot be resolved or is not a field
	Home_Empower_business_Revenue_Management cannot be resolved or is not a field
	Home_Empower_business_Revenue_Management_overview_txt cannot be resolved or is not a field
	Home_Empower_business_Revenue_Management_pricing_txt cannot be resolved or is not a field
	Home_Empower_business_Accounting_Hub_Reporting cannot be resolved or is not a field
	Home_Empower_business_Accounting_Hub_Reporting_overview_txt cannot be resolved or is not a field
	Home_Empower_business_Accounting_Hub_Reporting_overview_txt cannot be resolved or is not a field
	Home_Empower_business_Project_Execution cannot be resolved or is not a field
	Home_Empower_business_Project_Execution_overview_txt cannot be resolved or is not a field
	Home_Empower_business_Project_Execution_pricing_txt cannot be resolved or is not a field
">
      <![CDATA[java.lang.Error: Unresolved compilation problems: 
	Home_Empower_business cannot be resolved or is not a field
	Home_Empower_business_Overview_title cannot be resolved or is not a field
	Home_Empower_business_why_oracle cannot be resolved or is not a field
	Home_Empower_business_why_oracle_title cannot be resolved or is not a field
	Home_Empower_business_financials cannot be resolved or is not a field
	Home_Empower_business_financials_title cannot be resolved or is not a field
	Home_Empower_business_financials_pricing_title cannot be resolved or is not a field
	Home_Empower_business_financials_learn_more_title cannot be resolved or is not a field
	Home_Empower_business_financials_procerecement cannot be resolved or is not a field
	Home_Empower_business_financials_procerecement_title cannot be resolved or is not a field
	Home_Empower_business_financials_pricing_title1 cannot be resolved or is not a field
	Home_Empower_business_financials_procerecement_learn_more_title cannot be resolved or is not a field
	Home_Empower_business_proejct_portfolioManagementk cannot be resolved or is not a field
	Home_Empower_business_proejct_portfolioManagementk_text cannot be resolved or is not a field
	Home_Empower_business_proejct_portfolioManagement_pricing_title cannot be resolved or is not a field
	Home_Empower_business_proejct_portfolioManagement_learn_more_title cannot be resolved or is not a field
	Home_Empower_business_Revenue_Management cannot be resolved or is not a field
	Home_Empower_business_Revenue_Management_overview_txt cannot be resolved or is not a field
	Home_Empower_business_Revenue_Management_pricing_txt cannot be resolved or is not a field
	Home_Empower_business_Accounting_Hub_Reporting cannot be resolved or is not a field
	Home_Empower_business_Accounting_Hub_Reporting_overview_txt cannot be resolved or is not a field
	Home_Empower_business_Accounting_Hub_Reporting_overview_txt cannot be resolved or is not a field
	Home_Empower_business_Project_Execution cannot be resolved or is not a field
	Home_Empower_business_Project_Execution_overview_txt cannot be resolved or is not a field
	Home_Empower_business_Project_Execution_pricing_txt cannot be resolved or is not a field

	at com.qa141.cloudui.C9_LandingPage_02_Empower_Business_Test.test(C9_LandingPage_02_Empower_Business_Test.java:67)
	at sun.reflect.NativeMethodAccessorImpl.invoke0(Native Method)
	at sun.reflect.NativeMethodAccessorImpl.invoke(Unknown Source)
	at sun.reflect.DelegatingMethodAccessorImpl.invoke(Unknown Source)
	at java.lang.reflect.Method.invoke(Unknown Source)
	at org.testng.internal.MethodInvocationHelper.invokeMethod(MethodInvocationHelper.java:84)
	at org.testng.internal.Invoker.invokeMethod(Invoker.java:714)
	at org.testng.internal.Invoker.invokeTestMethod(Invoker.java:901)
	at org.testng.internal.Invoker.invokeTestMethods(Invoker.java:1231)
	at org.testng.internal.TestMethodWorker.invokeTestMethods(TestMethodWorker.java:127)
	at org.testng.internal.TestMethodWorker.run(TestMethodWorker.java:111)
	at org.testng.TestRunner.privateRun(TestRunner.java:767)
	at org.testng.TestRunner.run(TestRunner.java:617)
	at org.testng.SuiteRunner.runTest(SuiteRunner.java:334)
	at org.testng.SuiteRunner.runSequentially(SuiteRunner.java:329)
	at org.testng.SuiteRunner.privateRun(SuiteRunner.java:291)
	at org.testng.SuiteRunner.run(SuiteRunner.java:240)
	at org.testng.SuiteRunnerWorker.runSuite(SuiteRunnerWorker.java:52)
	at org.testng.SuiteRunnerWorker.run(SuiteRunnerWorker.java:86)
	at org.testng.TestNG.runSuitesSequentially(TestNG.java:1224)
	at org.testng.TestNG.runSuitesLocally(TestNG.java:1149)
	at org.testng.TestNG.run(TestNG.java:1057)
	at org.testng.remote.RemoteTestNG.run(RemoteTestNG.java:111)
	at org.testng.remote.RemoteTestNG.initAndRun(RemoteTestNG.java:204)
	at org.testng.remote.RemoteTestNG.main(RemoteTestNG.java:175)
]]>
    </failure>
  </testcase> <!-- test -->
</testsuite> <!-- com.qa141.cloudui.C9_LandingPage_02_Empower_Business_Test -->
