<?xml version="1.0" encoding="UTF-8"?>
<!-- Generated by org.testng.reporters.JUnitReportReporter -->
<testsuite hostname="mthiruna-lap" name="com.safc.at.AT_DEMO2" tests="1" failures="0" timestamp="19 Jul 2013 06:45:51 GMT" time="67.201" errors="0">
  <testcase name="test" time="67.201" classname="com.safc.at.AT_DEMO2"/>
</testsuite> <!-- com.safc.at.AT_DEMO2 -->
