<?xml version="1.0" encoding="UTF-8"?>
<!-- Generated by org.testng.reporters.JUnitReportReporter -->
<testsuite hostname="slc05gyj" name="com.qa141.occs.compute.C9_OCCS_11_StorageVolume_SearchBox" tests="1" failures="0" timestamp="15 Feb 2015 20:49:37 GMT" time="188.620" errors="0">
  <testcase name="test" time="188.620" classname="com.qa141.occs.compute.C9_OCCS_11_StorageVolume_SearchBox"/>
</testsuite> <!-- com.qa141.occs.compute.C9_OCCS_11_StorageVolume_SearchBox -->
