<?xml version="1.0" encoding="UTF-8"?>
<!-- Generated by org.testng.reporters.JUnitReportReporter -->
<testsuite hostname="slc05wcd" name="com.qa141.myservices.C9_MYS_12_HeaderFooter_Test" tests="1" failures="0" timestamp="13 Jul 2016 20:41:21 GMT" time="214.315" errors="0">
  <testcase name="test" time="214.315" classname="com.qa141.myservices.C9_MYS_12_HeaderFooter_Test"/>
</testsuite> <!-- com.qa141.myservices.C9_MYS_12_HeaderFooter_Test -->
