<?xml version="1.0" encoding="UTF-8"?>
<!-- Generated by org.testng.reporters.JUnitReportReporter -->
<testsuite hostname="slc05gyj" name="com.qa151.pb.C9_PB_38_19511126_DBSCreationSSHKeyVerification" tests="1" failures="0" timestamp="25 Feb 2015 07:10:03 GMT" time="146.887" errors="0">
  <testcase name="test" time="146.887" classname="com.qa151.pb.C9_PB_38_19511126_DBSCreationSSHKeyVerification"/>
</testsuite> <!-- com.qa151.pb.C9_PB_38_19511126_DBSCreationSSHKeyVerification -->
