<?xml version="1.0" encoding="UTF-8"?>
<!-- Generated by org.testng.reporters.JUnitReportReporter -->
<testsuite hostname="slc05gyj" name="com.qa132.myaccount.C9_MYA_01_loginLogout_Test" tests="1" failures="0" timestamp="6 Nov 2014 11:00:26 GMT" time="110.840" errors="0">
  <testcase name="test" time="110.840" classname="com.qa132.myaccount.C9_MYA_01_loginLogout_Test"/>
</testsuite> <!-- com.qa132.myaccount.C9_MYA_01_loginLogout_Test -->
