<?xml version="1.0" encoding="UTF-8"?>
<!-- Generated by org.testng.reporters.JUnitReportReporter -->
<testsuite hostname="slc05gyj" name="com.qa141.occs.security.C9_occsSecurity_21_Search_Test" tests="1" failures="0" timestamp="5 Dec 2014 10:32:12 GMT" time="167.282" errors="0">
  <testcase name="test" time="167.282" classname="com.qa141.occs.security.C9_occsSecurity_21_Search_Test"/>
</testsuite> <!-- com.qa141.occs.security.C9_occsSecurity_21_Search_Test -->
