<?xml version="1.0" encoding="UTF-8"?>
<!-- Generated by org.testng.reporters.JUnitReportReporter -->
<testsuite hostname="slc02qkd" name="com.qa132.services.C9_Messaging_01_Create_Trial_MessagingService_Test" tests="1" failures="0" timestamp="11 Sep 2014 12:25:26 GMT" time="114.868" errors="0">
  <testcase name="test" time="114.868" classname="com.qa132.services.C9_Messaging_01_Create_Trial_MessagingService_Test"/>
</testsuite> <!-- com.qa132.services.C9_Messaging_01_Create_Trial_MessagingService_Test -->
