<?xml version="1.0" encoding="UTF-8"?>
<!-- Generated by org.testng.reporters.JUnitReportReporter -->
<testsuite hostname="slc05gyj" name="com.qa151.pb.C9_PB_29_19498533_ComputeUI_InstanceAndServiceTermsNotUsedConsistently" tests="1" failures="0" timestamp="25 Feb 2015 07:10:02 GMT" time="86.081" errors="0">
  <testcase name="test" time="86.081" classname="com.qa151.pb.C9_PB_29_19498533_ComputeUI_InstanceAndServiceTermsNotUsedConsistently"/>
</testsuite> <!-- com.qa151.pb.C9_PB_29_19498533_ComputeUI_InstanceAndServiceTermsNotUsedConsistently -->
