<?xml version="1.0" encoding="UTF-8"?>
<!-- Generated by org.testng.reporters.JUnitReportReporter -->
<testsuite hostname="slc05gyj" name="com.qa151.pb.C9_PB_45_19641080_TextInStorageScreenCreateInstance" tests="1" failures="0" timestamp="25 Feb 2015 07:10:03 GMT" time="161.018" errors="0">
  <testcase name="test" time="161.018" classname="com.qa151.pb.C9_PB_45_19641080_TextInStorageScreenCreateInstance"/>
</testsuite> <!-- com.qa151.pb.C9_PB_45_19641080_TextInStorageScreenCreateInstance -->
