<?xml version="1.0" encoding="UTF-8"?>
<!-- Generated by org.testng.reporters.JUnitReportReporter -->
<testsuite hostname="mthiruna-lap" name="com.qa132.myaccount.C9_MYA_07_SearchFilter_Test" tests="1" failures="0" timestamp="15 Jan 2014 06:37:19 GMT" time="186.270" errors="0">
  <testcase name="test" time="186.270" classname="com.qa132.myaccount.C9_MYA_07_SearchFilter_Test"/>
</testsuite> <!-- com.qa132.myaccount.C9_MYA_07_SearchFilter_Test -->
