<?xml version="1.0" encoding="UTF-8"?>
<!-- Generated by org.testng.reporters.JUnitReportReporter -->
<testsuite hostname="mthiruna-lap" name="com.safc.AT_OnePass_oneFail" tests="1" failures="0" timestamp="17 Jul 2013 09:38:47 GMT" time="80.568" errors="0">
  <testcase name="test" time="80.568" classname="com.safc.AT_OnePass_oneFail"/>
</testsuite> <!-- com.safc.AT_OnePass_oneFail -->
