<?xml version="1.0" encoding="UTF-8"?>
<!-- Generated by org.testng.reporters.JUnitReportReporter -->
<testsuite hostname="mthiruna-lap" name="com.qa132.myservices.C9_MYS_05_ErrorHandling_Test" tests="1" failures="0" timestamp="30 Apr 2014 07:21:51 GMT" time="88.612" errors="0">
  <testcase name="test" time="88.612" classname="com.qa132.myservices.C9_MYS_05_ErrorHandling_Test"/>
</testsuite> <!-- com.qa132.myservices.C9_MYS_05_ErrorHandling_Test -->
