<?xml version="1.0" encoding="UTF-8"?>
<!-- Generated by org.testng.reporters.JUnitReportReporter -->
<testsuite hostname="slc05gyj" name="com.qa141.cloudui.C9_LandingPage_08_Engage_Sales_Test" tests="1" failures="0" timestamp="5 Mar 2015 09:39:34 GMT" time="109.496" errors="0">
  <testcase name="test" time="109.496" classname="com.qa141.cloudui.C9_LandingPage_08_Engage_Sales_Test"/>
</testsuite> <!-- com.qa141.cloudui.C9_LandingPage_08_Engage_Sales_Test -->
