<?xml version="1.0" encoding="UTF-8"?>
<!-- Generated by org.testng.reporters.JUnitReportReporter -->
<testsuite hostname="mthiruna-lap" name="com.safc.at.AT_DEMO2" tests="1" failures="0" timestamp="9 Oct 2013 07:07:38 GMT" time="65.763" errors="0">
  <testcase name="test" time="65.763" classname="com.safc.at.AT_DEMO2"/>
</testsuite> <!-- com.safc.at.AT_DEMO2 -->
