<?xml version="1.0" encoding="UTF-8"?>
<!-- Generated by org.testng.reporters.JUnitReportReporter -->
<testsuite hostname="mthiruna-lap" name="com.qa132.myservices.C9_MYS_03_VerifyUI_Test" tests="1" failures="0" timestamp="5 May 2014 06:42:31 GMT" time="131.060" errors="0">
  <testcase name="test" time="131.060" classname="com.qa132.myservices.C9_MYS_03_VerifyUI_Test"/>
</testsuite> <!-- com.qa132.myservices.C9_MYS_03_VerifyUI_Test -->
