<?xml version="1.0" encoding="UTF-8"?>
<!-- Generated by org.testng.reporters.JUnitReportReporter -->
<testsuite hostname="mthiruna-lap" name="com.qa132.myservices.C9_MYS_09_SearchFilter_Test" tests="1" failures="0" timestamp="15 Jan 2014 06:56:06 GMT" time="198.485" errors="0">
  <testcase name="test" time="198.485" classname="com.qa132.myservices.C9_MYS_09_SearchFilter_Test"/>
</testsuite> <!-- com.qa132.myservices.C9_MYS_09_SearchFilter_Test -->
