<?xml version="1.0" encoding="UTF-8"?>
<!-- Generated by org.testng.reporters.JUnitReportReporter -->
<testsuite hostname="mthiruna-lap" name="com.safc.CopyOfAT_OnePass_oneFail" tests="1" failures="0" timestamp="18 Jul 2013 06:45:11 GMT" time="94.312" errors="0">
  <testcase name="test" time="94.312" classname="com.safc.CopyOfAT_OnePass_oneFail"/>
</testsuite> <!-- com.safc.CopyOfAT_OnePass_oneFail -->
