<?xml version="1.0" encoding="UTF-8"?>
<!-- Generated by org.testng.reporters.JUnitReportReporter -->
<testsuite name="com.qa132.java.C9_EMGC_03_StartApplication_Test" tests="1" time="128.773" ignored="30" failures="0" timestamp="07 Mar 2017 06:22:05 GMT" skipped="0" hostname="slc05wcd" errors="0">
  <testcase name="test" time="128.773" classname="com.qa132.java.C9_EMGC_03_StartApplication_Test"/>
  <testcase name="setup" classname="com.safc.configuration.BaseTest">
    <skipped/>
  </testcase> <!-- setup -->
  <testcase name="setup" classname="com.safc.configuration.BaseTest">
    <skipped/>
  </testcase> <!-- setup -->
  <testcase name="setup" classname="com.safc.configuration.BaseTest">
    <skipped/>
  </testcase> <!-- setup -->
  <testcase name="setup" classname="com.safc.configuration.BaseTest">
    <skipped/>
  </testcase> <!-- setup -->
  <testcase name="setup" classname="com.safc.configuration.BaseTest">
    <skipped/>
  </testcase> <!-- setup -->
  <testcase name="setup" classname="com.safc.configuration.BaseTest">
    <skipped/>
  </testcase> <!-- setup -->
  <testcase name="setup" classname="com.safc.configuration.BaseTest">
    <skipped/>
  </testcase> <!-- setup -->
  <testcase name="setup" classname="com.safc.configuration.BaseTest">
    <skipped/>
  </testcase> <!-- setup -->
  <testcase name="setup" classname="com.safc.configuration.BaseTest">
    <skipped/>
  </testcase> <!-- setup -->
  <testcase name="setup" classname="com.safc.configuration.BaseTest">
    <skipped/>
  </testcase> <!-- setup -->
  <testcase name="setup" classname="com.safc.configuration.BaseTest">
    <skipped/>
  </testcase> <!-- setup -->
  <testcase name="setup" classname="com.safc.configuration.BaseTest">
    <skipped/>
  </testcase> <!-- setup -->
  <testcase name="setup" classname="com.safc.configuration.BaseTest">
    <skipped/>
  </testcase> <!-- setup -->
  <testcase name="setup" classname="com.safc.configuration.BaseTest">
    <skipped/>
  </testcase> <!-- setup -->
  <testcase name="setup" classname="com.safc.configuration.BaseTest">
    <skipped/>
  </testcase> <!-- setup -->
  <testcase name="tearDown" classname="com.safc.configuration.BaseTest">
    <skipped/>
  </testcase> <!-- tearDown -->
  <testcase name="tearDown" classname="com.safc.configuration.BaseTest">
    <skipped/>
  </testcase> <!-- tearDown -->
  <testcase name="tearDown" classname="com.safc.configuration.BaseTest">
    <skipped/>
  </testcase> <!-- tearDown -->
  <testcase name="tearDown" classname="com.safc.configuration.BaseTest">
    <skipped/>
  </testcase> <!-- tearDown -->
  <testcase name="tearDown" classname="com.safc.configuration.BaseTest">
    <skipped/>
  </testcase> <!-- tearDown -->
  <testcase name="tearDown" classname="com.safc.configuration.BaseTest">
    <skipped/>
  </testcase> <!-- tearDown -->
  <testcase name="tearDown" classname="com.safc.configuration.BaseTest">
    <skipped/>
  </testcase> <!-- tearDown -->
  <testcase name="tearDown" classname="com.safc.configuration.BaseTest">
    <skipped/>
  </testcase> <!-- tearDown -->
  <testcase name="tearDown" classname="com.safc.configuration.BaseTest">
    <skipped/>
  </testcase> <!-- tearDown -->
  <testcase name="tearDown" classname="com.safc.configuration.BaseTest">
    <skipped/>
  </testcase> <!-- tearDown -->
  <testcase name="tearDown" classname="com.safc.configuration.BaseTest">
    <skipped/>
  </testcase> <!-- tearDown -->
  <testcase name="tearDown" classname="com.safc.configuration.BaseTest">
    <skipped/>
  </testcase> <!-- tearDown -->
  <testcase name="tearDown" classname="com.safc.configuration.BaseTest">
    <skipped/>
  </testcase> <!-- tearDown -->
  <testcase name="tearDown" classname="com.safc.configuration.BaseTest">
    <skipped/>
  </testcase> <!-- tearDown -->
  <testcase name="tearDown" classname="com.safc.configuration.BaseTest">
    <skipped/>
  </testcase> <!-- tearDown -->
</testsuite> <!-- com.qa132.java.C9_EMGC_03_StartApplication_Test -->
