<?xml version="1.0" encoding="UTF-8"?>
<!-- Generated by org.testng.reporters.JUnitReportReporter -->
<testsuite hostname="slc05gyj" name="com.qa141.occs.security.C9_OCCS_Security_14_AssignCustomRole_Test" tests="1" failures="0" timestamp="15 Feb 2015 18:43:12 GMT" time="73.975" errors="0">
  <testcase name="test" time="73.975" classname="com.qa141.occs.security.C9_OCCS_Security_14_AssignCustomRole_Test"/>
</testsuite> <!-- com.qa141.occs.security.C9_OCCS_Security_14_AssignCustomRole_Test -->
