<?xml version="1.0" encoding="UTF-8"?>
<!-- Generated by org.testng.reporters.JUnitReportReporter -->
<testsuite hostname="mthiruna-lap" name="com.safc.AT_Addons_LinkAndStructure_Test" tests="1" failures="0" timestamp="16 Jul 2013 15:32:49 GMT" time="276.961" errors="0">
  <testcase name="test" time="276.961" classname="com.safc.AT_Addons_LinkAndStructure_Test"/>
</testsuite> <!-- com.safc.AT_Addons_LinkAndStructure_Test -->
