<?xml version="1.0" encoding="UTF-8"?>
<!-- Generated by org.testng.reporters.JUnitReportReporter -->
<testsuite hostname="mthiruna-lap" name="com.qa132.java.C9_Java_13_FieldLevelCheck_Test" tests="1" failures="0" timestamp="20 Jan 2014 06:31:12 GMT" time="76.409" errors="0">
  <testcase name="test" time="76.409" classname="com.qa132.java.C9_Java_13_FieldLevelCheck_Test"/>
</testsuite> <!-- com.qa132.java.C9_Java_13_FieldLevelCheck_Test -->
