<?xml version="1.0" encoding="UTF-8"?>
<!-- Generated by org.testng.reporters.JUnitReportReporter -->
<testsuite hostname="mthiruna-lap" name="com.qa132.myservices.C9_MYS_07_Filedownload" tests="1" failures="0" timestamp="14 Jan 2014 11:32:17 GMT" time="93.500" errors="0">
  <testcase name="test" time="93.500" classname="com.qa132.myservices.C9_MYS_07_Filedownload"/>
</testsuite> <!-- com.qa132.myservices.C9_MYS_07_Filedownload -->
