<?xml version="1.0" encoding="UTF-8"?>
<!-- Generated by org.testng.reporters.JUnitReportReporter -->
<testsuite hostname="slc05wcd" name="com.qa141.db.C9_DB_04_PackagedApplications_Install_Run_Test" tests="1" failures="0" timestamp="13 Jul 2016 20:41:21 GMT" time="267.046" errors="0">
  <testcase name="test" time="267.046" classname="com.qa141.db.C9_DB_04_PackagedApplications_Install_Run_Test"/>
</testsuite> <!-- com.qa141.db.C9_DB_04_PackagedApplications_Install_Run_Test -->
