<?xml version="1.0" encoding="UTF-8"?>
<!-- Generated by org.testng.reporters.JUnitReportReporter -->
<testsuite hostname="slc05gyj" name="com.qa141.occs.compute.C9_OCCS_17_SecurityTab_SSHKey_Menu" tests="1" failures="0" timestamp="15 Feb 2015 20:49:38 GMT" time="136.454" errors="0">
  <testcase name="test" time="136.454" classname="com.qa141.occs.compute.C9_OCCS_17_SecurityTab_SSHKey_Menu"/>
</testsuite> <!-- com.qa141.occs.compute.C9_OCCS_17_SecurityTab_SSHKey_Menu -->
